#
# A fatal error has been detected by the Java Runtime Environment:
#
#  SIGSEGV (0xb) at pc=0x00007f75bb72d9d2, pid=14868, tid=140143527020288
#
# JRE version: 6.0_29-b11
# Java VM: Java HotSpot(TM) 64-Bit Server VM (20.4-b02 mixed mode linux-amd64 compressed oops)
# Problematic frame:
# V  [libjvm.so+0x3dc9d2]  constantPoolOopDesc::klass_at_impl(constantPoolHandle, int, Thread*)+0x42
#
# If you would like to submit a bug report, please visit:
#   http://java.sun.com/webapps/bugreport/crash.jsp
#

---------------  T H R E A D  ---------------

Current thread (0x00007f75b0337000):  JavaThread "ContainerBackgroundProcessor[StandardEngine[Catalina]]" daemon [_thread_in_vm, id=14885, stack(0x00007f75b5154000,0x00007f75b5255000)]

siginfo:si_signo=SIGSEGV: si_errno=0, si_code=1 (SEGV_MAPERR), si_addr=0x0000000000000008

Registers:
RAX=0x000000004186b310, RBX=0x0000000000000000, RCX=0xfffffffffffffff7, RDX=0x00007f75bbdd6530
RSP=0x00007f75b5252880, RBP=0x00007f75b5252cc0, RSI=0x00007f75bbdf2ee0, RDI=0x000000004186b310
R8 =0x0000000000002f60, R9 =0x0000000000002f60, R10=0x0000000000002f60, R11=0x000000004186b308
R12=0x0000000000000000, R13=0x000000004186b310, R14=0x00007f75b0337000, R15=0x0000000000000000
RIP=0x00007f75bb72d9d2, EFLAGS=0x0000000000010202, CSGSFS=0x0000000000000033, ERR=0x0000000000000004
  TRAPNO=0x000000000000000e

Top of Stack: (sp=0x00007f75b5252880)
0x00007f75b5252880:   00007f75b52528d0 00007f75bbadf1ab
0x00007f75b5252890:   00007f75b5252ce0 00007f75bb72d9ec
0x00007f75b52528a0:   00000002b52528c0 000000004171cd60
0x00007f75b52528b0:   0000000000000000 00007f75b52528e0
0x00007f75b52528c0:   00007f75b5252b10 0000000000000002
0x00007f75b52528d0:   00007f75b5252d20 00007f75bb72d9ec
0x00007f75b52528e0:   00000000000000bb 0000000000000000
0x00007f75b52528f0:   00007f75ffffffff 00007f75bbaf0624
0x00007f75b5252900:   0000000000000020 00007f75bbdef2e0
0x00007f75b5252910:   00007f75b5252920 00007f75bba32fd7
0x00007f75b5252920:   00007f75b5252b90 00000000416ed270
0x00007f75b5252930:   00007f75b0369528 000000077f432c40
0x00007f75b5252940:   00007f75b52529c0 00007f75bb9a91f3
0x00007f75b5252950:   0000000000000013 0000000000000000
0x00007f75b5252960:   000000004186b348 000000004186b350
0x00007f75b5252970:   00007f75b5252a50 00007f75bbb35ab0
0x00007f75b5252980:   00007f75b52529c0 00007f75bba32ccf
0x00007f75b5252990:   00007f75b52529d0 00007f75bbdf0fe0
0x00007f75b52529a0:   00000000769cab16 000000077f432c40
0x00007f75b52529b0:   00007f75b52529c0 00007f75bba32fd7
0x00007f75b52529c0:   00007f75b5252a70 00007f75bbb3edb0
0x00007f75b52529d0:   00007f75b5252a80 00000186bbb3edb0
0x00007f75b52529e0:   00007f75b0337000 0000000000000000
0x00007f75b52529f0:   000000004186b348 0000000000000000
0x00007f75b5252a00:   000000004186b368 0000000000000000
0x00007f75b5252a10:   000000000000002c 0000000000000094
0x00007f75b5252a20:   0000000000000011 00007f75b0337000
0x00007f75b5252a30:   00000000416c40f0 000000004186b318
0x00007f75b5252a40:   00007f75b5252a60 00007f75bbaf0624
0x00007f75b5252a50:   00007f75b5252a90 00007f75b0050cc0
0x00007f75b5252a60:   00007f75b5252a70 00007f75bb6a56ca
0x00007f75b5252a70:   00007f75b5252ae0 00007f75bbb3f070 

Instructions: (pc=0x00007f75bb72d9d2)
0x00007f75bb72d9b2:   17 48 83 c2 40 4a 8b 1c e2 48 8b 15 1e e9 7e 00
0x00007f75bb72d9c2:   80 3a 00 0f 84 35 0e 00 00 48 8b 35 ee cc 7e 00
0x00007f75bb72d9d2:   8b 53 08 8b 4e 08 48 d3 e2 48 03 16 48 8b 42 10
0x00007f75bb72d9e2:   48 8d 7a 10 ff 90 10 01 00 00 48 89 da 84 c0 74 

Register to memory mapping:

RAX=0x000000004186b310 is an unknown value
RBX=0x0000000000000000 is an unknown value
RCX=0xfffffffffffffff7 is an unknown value
RDX=0x00007f75bbdd6530: <offset 0xa85530> in /usr/local/jdk1.6.0_29/jre/lib/amd64/server/libjvm.so at 0x00007f75bb351000
RSP=0x00007f75b5252880 is pointing into the stack for thread: 0x00007f75b0337000
RBP=0x00007f75b5252cc0 is pointing into the stack for thread: 0x00007f75b0337000
RSI=0x00007f75bbdf2ee0: <offset 0xaa1ee0> in /usr/local/jdk1.6.0_29/jre/lib/amd64/server/libjvm.so at 0x00007f75bb351000
RDI=0x000000004186b310 is an unknown value
R8 =0x0000000000002f60 is an unknown value
R9 =0x0000000000002f60 is an unknown value
R10=0x0000000000002f60 is an unknown value
R11=0x000000004186b308 is an unknown value
R12=0x0000000000000000 is an unknown value
R13=0x000000004186b310 is an unknown value
R14=0x00007f75b0337000 is a thread
R15=0x0000000000000000 is an unknown value


Stack: [0x00007f75b5154000,0x00007f75b5255000],  sp=0x00007f75b5252880,  free space=1018k
Native frames: (J=compiled Java code, j=interpreted, Vv=VM code, C=native code)
V  [libjvm.so+0x3dc9d2]  constantPoolOopDesc::klass_at_impl(constantPoolHandle, int, Thread*)+0x42
V  [libjvm.so+0x3de2be]  constantPoolOopDesc::klass_ref_at(int, Thread*)+0x4e
V  [libjvm.so+0x65115b]  LinkResolver::resolve_klass(KlassHandle&, constantPoolHandle, int, Thread*)+0x2b
V  [libjvm.so+0x655755]  LinkResolver::resolve_pool(KlassHandle&, symbolHandle&, symbolHandle&, KlassHandle&, constantPoolHandle, int, Thread*)+0x35
V  [libjvm.so+0x6559f5]  LinkResolver::resolve_invokespecial(CallInfo&, constantPoolHandle, int, Thread*)+0x55
V  [libjvm.so+0x6556fd]  LinkResolver::resolve_invoke(CallInfo&, Handle, constantPoolHandle, int, Bytecodes::Code, Thread*)+0x5d
V  [libjvm.so+0x4d7932]  InterpreterRuntime::resolve_invoke(JavaThread*, Bytecodes::Code)+0x202
j  java.lang.reflect.UndeclaredThrowableException.<init>(Ljava/lang/Throwable;)V+5
j  org.apache.commons.logging.impl.Log4jProxy.log(Ljava/lang/Object;Ljava/lang/Object;Ljava/lang/Throwable;)V+63
j  org.apache.commons.logging.impl.Log4jProxy.error(Ljava/lang/Object;Ljava/lang/Throwable;)V+7
j  org.apache.commons.logging.impl.Log4JLogger.error(Ljava/lang/Object;Ljava/lang/Throwable;)V+6
j  org.springframework.web.context.ContextLoader.initWebApplicationContext(Ljavax/servlet/ServletContext;)Lorg/springframework/web/context/WebApplicationContext;+256
j  org.springframework.web.context.ContextLoaderListener.contextInitialized(Ljavax/servlet/ServletContextEvent;)V+28
j  org.apache.catalina.core.StandardContext.listenerStart()Z+462
j  org.apache.catalina.core.StandardContext.start()V+1266
j  org.apache.catalina.core.ContainerBase.addChildInternal(Lorg/apache/catalina/Container;)V+156
j  org.apache.catalina.core.ContainerBase.addChild(Lorg/apache/catalina/Container;)V+26
j  org.apache.catalina.core.StandardHost.addChild(Lorg/apache/catalina/Container;)V+50
j  org.apache.catalina.startup.HostConfig.deployWAR(Ljava/lang/String;Ljava/io/File;Ljava/lang/String;)V+597
j  org.apache.catalina.startup.HostConfig.deployWARs(Ljava/io/File;[Ljava/lang/String;)V+223
j  org.apache.catalina.startup.HostConfig.deployApps()V+31
j  org.apache.catalina.startup.HostConfig.check()V+70
j  org.apache.catalina.startup.HostConfig.lifecycleEvent(Lorg/apache/catalina/LifecycleEvent;)V+13
j  org.apache.catalina.util.LifecycleSupport.fireLifecycleEvent(Ljava/lang/String;Ljava/lang/Object;)V+178
j  org.apache.catalina.core.ContainerBase.backgroundProcess()V+231
j  org.apache.catalina.core.ContainerBase$ContainerBackgroundProcessor.processChildren(Lorg/apache/catalina/Container;Ljava/lang/ClassLoader;)V+27
j  org.apache.catalina.core.ContainerBase$ContainerBackgroundProcessor.processChildren(Lorg/apache/catalina/Container;Ljava/lang/ClassLoader;)V+111
j  org.apache.catalina.core.ContainerBase$ContainerBackgroundProcessor.run()V+81
j  java.lang.Thread.run()V+11
v  ~StubRoutines::call_stub
V  [libjvm.so+0x4df400]  JavaCalls::call_helper(JavaValue*, methodHandle*, JavaCallArguments*, Thread*)+0x1e0
V  [libjvm.so+0x70f6d9]  os::os_exception_wrapper(void (*)(JavaValue*, methodHandle*, JavaCallArguments*, Thread*), JavaValue*, methodHandle*, JavaCallArguments*, Thread*)+0x19
V  [libjvm.so+0x4ded46]  JavaCalls::call_virtual(JavaValue*, KlassHandle, symbolHandle, symbolHandle, JavaCallArguments*, Thread*)+0x126
V  [libjvm.so+0x4dedf7]  JavaCalls::call_virtual(JavaValue*, Handle, KlassHandle, symbolHandle, symbolHandle, Thread*)+0x47
V  [libjvm.so+0x5729f0]  thread_entry(JavaThread*, Thread*)+0xa0
V  [libjvm.so+0x8191a1]  JavaThread::run()+0x121
V  [libjvm.so+0x710b8f]  java_start(Thread*)+0x13f

Java frames: (J=compiled Java code, j=interpreted, Vv=VM code)
j  java.lang.reflect.UndeclaredThrowableException.<init>(Ljava/lang/Throwable;)V+5
j  org.apache.commons.logging.impl.Log4jProxy.log(Ljava/lang/Object;Ljava/lang/Object;Ljava/lang/Throwable;)V+63
j  org.apache.commons.logging.impl.Log4jProxy.error(Ljava/lang/Object;Ljava/lang/Throwable;)V+7
j  org.apache.commons.logging.impl.Log4JLogger.error(Ljava/lang/Object;Ljava/lang/Throwable;)V+6
j  org.springframework.web.context.ContextLoader.initWebApplicationContext(Ljavax/servlet/ServletContext;)Lorg/springframework/web/context/WebApplicationContext;+256
j  org.springframework.web.context.ContextLoaderListener.contextInitialized(Ljavax/servlet/ServletContextEvent;)V+28
j  org.apache.catalina.core.StandardContext.listenerStart()Z+462
j  org.apache.catalina.core.StandardContext.start()V+1266
j  org.apache.catalina.core.ContainerBase.addChildInternal(Lorg/apache/catalina/Container;)V+156
j  org.apache.catalina.core.ContainerBase.addChild(Lorg/apache/catalina/Container;)V+26
j  org.apache.catalina.core.StandardHost.addChild(Lorg/apache/catalina/Container;)V+50
j  org.apache.catalina.startup.HostConfig.deployWAR(Ljava/lang/String;Ljava/io/File;Ljava/lang/String;)V+597
j  org.apache.catalina.startup.HostConfig.deployWARs(Ljava/io/File;[Ljava/lang/String;)V+223
j  org.apache.catalina.startup.HostConfig.deployApps()V+31
j  org.apache.catalina.startup.HostConfig.check()V+70
j  org.apache.catalina.startup.HostConfig.lifecycleEvent(Lorg/apache/catalina/LifecycleEvent;)V+13
j  org.apache.catalina.util.LifecycleSupport.fireLifecycleEvent(Ljava/lang/String;Ljava/lang/Object;)V+178
j  org.apache.catalina.core.ContainerBase.backgroundProcess()V+231
j  org.apache.catalina.core.ContainerBase$ContainerBackgroundProcessor.processChildren(Lorg/apache/catalina/Container;Ljava/lang/ClassLoader;)V+27
j  org.apache.catalina.core.ContainerBase$ContainerBackgroundProcessor.processChildren(Lorg/apache/catalina/Container;Ljava/lang/ClassLoader;)V+111
j  org.apache.catalina.core.ContainerBase$ContainerBackgroundProcessor.run()V+81
j  java.lang.Thread.run()V+11
v  ~StubRoutines::call_stub

---------------  P R O C E S S  ---------------

Java Threads: ( => current thread )
  0x0000000041f05800 JavaThread "http-8080-2" daemon [_thread_in_native, id=15022, stack(0x00007f75b41c0000,0x00007f75b42c1000)]
  0x0000000041f92000 JavaThread "http-8080-1" daemon [_thread_blocked, id=15013, stack(0x00007f75b43c2000,0x00007f75b44c3000)]
  0x00007f75b0313800 JavaThread "TP-Monitor" daemon [_thread_blocked, id=14891, stack(0x00007f75b44c3000,0x00007f75b45c4000)]
  0x00007f75b0942000 JavaThread "TP-Processor4" daemon [_thread_in_native, id=14890, stack(0x00007f75b45c4000,0x00007f75b46c5000)]
  0x00007f75b02b3800 JavaThread "TP-Processor3" daemon [_thread_blocked, id=14889, stack(0x00007f75b46c5000,0x00007f75b47c6000)]
  0x00007f75b08ef800 JavaThread "TP-Processor2" daemon [_thread_blocked, id=14888, stack(0x00007f75b47c6000,0x00007f75b48c7000)]
  0x00007f75b092b800 JavaThread "TP-Processor1" daemon [_thread_blocked, id=14887, stack(0x00007f75b48c7000,0x00007f75b49c8000)]
  0x00007f75b0282800 JavaThread "http-8080-Acceptor-0" daemon [_thread_in_native, id=14886, stack(0x00007f75b49c8000,0x00007f75b4ac9000)]
=>0x00007f75b0337000 JavaThread "ContainerBackgroundProcessor[StandardEngine[Catalina]]" daemon [_thread_in_vm, id=14885, stack(0x00007f75b5154000,0x00007f75b5255000)]
  0x00007f75b016d000 JavaThread "GC Daemon" daemon [_thread_blocked, id=14882, stack(0x00007f75b537c000,0x00007f75b547d000)]
  0x00007f75b0003800 JavaThread "Low Memory Detector" daemon [_thread_blocked, id=14880, stack(0x00007f75b56cc000,0x00007f75b57cd000)]
  0x00007f75b0001000 JavaThread "C2 CompilerThread1" daemon [_thread_blocked, id=14879, stack(0x00007f75b57cd000,0x00007f75b58ce000)]
  0x0000000041752000 JavaThread "C2 CompilerThread0" daemon [_thread_blocked, id=14878, stack(0x00007f75b58ce000,0x00007f75b59cf000)]
  0x0000000041750000 JavaThread "Signal Dispatcher" daemon [_thread_blocked, id=14877, stack(0x00007f75b59cf000,0x00007f75b5ad0000)]
  0x0000000041733800 JavaThread "Finalizer" daemon [_thread_blocked, id=14876, stack(0x00007f75b5d74000,0x00007f75b5e75000)]
  0x000000004172c800 JavaThread "Reference Handler" daemon [_thread_blocked, id=14875, stack(0x00007f75b5e75000,0x00007f75b5f76000)]
  0x00000000416c7800 JavaThread "main" [_thread_in_native, id=14869, stack(0x00007f75bafcd000,0x00007f75bb0ce000)]

Other Threads:
  0x0000000041725800 VMThread [stack: 0x00007f75b5f76000,0x00007f75b6077000] [id=14874]
  0x00007f75b000e000 WatcherThread [stack: 0x00007f75b55cb000,0x00007f75b56cc000] [id=14881]

VM state:not at safepoint (normal execution)

VM Mutex/Monitor currently owned by a thread: None

Heap
 PSYoungGen      total 17088K, used 434K [0x00000007d6cb0000, 0x00000007d7ee0000, 0x0000000800000000)
  eden space 15808K, 2% used [0x00000007d6cb0000,0x00000007d6d1c930,0x00000007d7c20000)
  from space 1280K, 0% used [0x00000007d7da0000,0x00000007d7da0000,0x00000007d7ee0000)
  to   space 1408K, 0% used [0x00000007d7c20000,0x00000007d7c20000,0x00000007d7d80000)
 PSOldGen        total 1350336K, used 10205K [0x0000000784600000, 0x00000007d6cb0000, 0x00000007d6cb0000)
  object space 1350336K, 0% used [0x0000000784600000,0x0000000784ff7658,0x00000007d6cb0000)
 PSPermGen       total 83968K, used 83967K [0x000000077f400000, 0x0000000784600000, 0x0000000784600000)
  object space 83968K, 99% used [0x000000077f400000,0x00000007845fffd0,0x0000000784600000)

Code Cache  [0x00007f75b7238000, 0x00007f75b76d8000, 0x00007f75ba238000)
 total_blobs=1417 nmethods=978 adapters=392 free_code_cache=45628992 largest_free_block=23744

Dynamic libraries:
40000000-40009000 r-xp 00000000 08:08 792894                             /usr/local/jdk1.6.0_29/bin/java
40108000-4010a000 rwxp 00008000 08:08 792894                             /usr/local/jdk1.6.0_29/bin/java
416bf000-435d9000 rwxp 00000000 00:00 0                                  [heap]
77f400000-784600000 rwxp 00000000 00:00 0 
784600000-7d6cb0000 rwxp 00000000 00:00 0 
7d6cb0000-7d7ee0000 rwxp 00000000 00:00 0 
7d7ee0000-7d96d0000 ---p 00000000 00:00 0 
7d96d0000-800000000 rwxp 00000000 00:00 0 
7f75a8000000-7f75aa902000 rwxp 00000000 00:00 0 
7f75aa902000-7f75ac000000 ---p 00000000 00:00 0 
7f75b0000000-7f75b19e0000 rwxp 00000000 00:00 0 
7f75b19e0000-7f75b4000000 ---p 00000000 00:00 0 
7f75b41a1000-7f75b41a6000 r-xs 00016000 08:08 794546                     /usr/local/apache-tomcat-6.0.35/webapps/BdHousingPortal/WEB-INF/lib/xml-apis-1.0.b2.jar
7f75b41a6000-7f75b41af000 r-xs 0005e000 08:08 794497                     /usr/local/apache-tomcat-6.0.35/webapps/BdHousingPortal/WEB-INF/lib/spring-webmvc-3.0.5.RELEASE.jar
7f75b41af000-7f75b41b9000 r-xs 00057000 08:08 794513                     /usr/local/apache-tomcat-6.0.35/webapps/BdHousingPortal/WEB-INF/lib/spring-web-3.0.5.RELEASE.jar
7f75b41b9000-7f75b41c0000 r-xs 00032000 08:08 794544                     /usr/local/apache-tomcat-6.0.35/webapps/BdHousingPortal/WEB-INF/lib/spring-tx-3.0.5.RELEASE.jar
7f75b41c0000-7f75b41c3000 ---p 00000000 00:00 0 
7f75b41c3000-7f75b42c1000 rwxp 00000000 00:00 0 
7f75b42c1000-7f75b42c4000 r-xs 00009000 08:08 794535                     /usr/local/apache-tomcat-6.0.35/webapps/BdHousingPortal/WEB-INF/lib/validation-api-1.0.0.GA.jar
7f75b42c4000-7f75b42cc000 r-xs 0004a000 08:08 794523                     /usr/local/apache-tomcat-6.0.35/webapps/BdHousingPortal/WEB-INF/lib/spring-orm-3.0.5.RELEASE.jar
7f75b42cc000-7f75b42d1000 r-xs 00029000 08:08 794506                     /usr/local/apache-tomcat-6.0.35/webapps/BdHousingPortal/WEB-INF/lib/spring-jms-3.0.5.RELEASE.jar
7f75b42d1000-7f75b42db000 r-xs 00055000 08:08 794524                     /usr/local/apache-tomcat-6.0.35/webapps/BdHousingPortal/WEB-INF/lib/spring-jdbc-3.0.5.RELEASE.jar
7f75b42db000-7f75b42df000 r-xs 00026000 08:08 794514                     /usr/local/apache-tomcat-6.0.35/webapps/BdHousingPortal/WEB-INF/lib/spring-expression-3.0.5.RELEASE.jar
7f75b42df000-7f75b42e8000 r-xs 00055000 08:08 794503                     /usr/local/apache-tomcat-6.0.35/webapps/BdHousingPortal/WEB-INF/lib/spring-core-3.0.5.RELEASE.jar
7f75b42e8000-7f75b42eb000 r-xs 00016000 08:08 794547                     /usr/local/apache-tomcat-6.0.35/webapps/BdHousingPortal/WEB-INF/lib/spring-context-support-3.0.5.RELEASE.jar
7f75b42eb000-7f75b42fd000 r-xs 00092000 08:08 794516                     /usr/local/apache-tomcat-6.0.35/webapps/BdHousingPortal/WEB-INF/lib/spring-context-3.0.5.RELEASE.jar
7f75b42fd000-7f75b4309000 r-xs 0007c000 08:08 794500                     /usr/local/apache-tomcat-6.0.35/webapps/BdHousingPortal/WEB-INF/lib/spring-beans-3.0.5.RELEASE.jar
7f75b4309000-7f75b430a000 r-xs 0000c000 08:08 794537                     /usr/local/apache-tomcat-6.0.35/webapps/BdHousingPortal/WEB-INF/lib/spring-asm-3.0.5.RELEASE.jar
7f75b430a000-7f75b4313000 r-xs 00046000 08:08 794509                     /usr/local/apache-tomcat-6.0.35/webapps/BdHousingPortal/WEB-INF/lib/spring-aop-3.0.5.RELEASE.jar
7f75b4313000-7f75b4314000 r-xs 00002000 08:08 794551                     /usr/local/apache-tomcat-6.0.35/webapps/BdHousingPortal/WEB-INF/lib/slf4j-log4j12-1.6.4.jar
7f75b4314000-7f75b4316000 r-xs 00005000 08:08 794549                     /usr/local/apache-tomcat-6.0.35/webapps/BdHousingPortal/WEB-INF/lib/slf4j-api-1.6.1.jar
7f75b4316000-7f75b431c000 r-xs 00027000 08:08 794505                     /usr/local/apache-tomcat-6.0.35/webapps/BdHousingPortal/WEB-INF/lib/sitemesh-2.3.jar
7f75b431c000-7f75b431f000 r-xs 0000a000 08:08 794554                     /usr/local/apache-tomcat-6.0.35/webapps/BdHousingPortal/WEB-INF/lib/persistence-api-1.0.jar
7f75b431f000-7f75b4331000 r-xs 001fc000 08:08 794545                     /usr/local/apache-tomcat-6.0.35/webapps/BdHousingPortal/WEB-INF/lib/ojdbc6-11.2.0.2.0.jar
7f75b4331000-7f75b4338000 r-xs 0006a000 08:08 794520                     /usr/local/apache-tomcat-6.0.35/webapps/BdHousingPortal/WEB-INF/lib/mail-1.4.3.jar
7f75b4338000-7f75b4341000 r-xs 0006d000 08:08 794519                     /usr/local/apache-tomcat-6.0.35/webapps/BdHousingPortal/WEB-INF/lib/log4j-1.2.16.jar
7f75b4341000-7f75b4342000 r-xs 00003000 08:08 794536                     /usr/local/apache-tomcat-6.0.35/webapps/BdHousingPortal/WEB-INF/lib/jta-1.1.jar
7f75b4342000-7f75b434c000 r-xs 0005c000 08:08 794543                     /usr/local/apache-tomcat-6.0.35/webapps/BdHousingPortal/WEB-INF/lib/jstl-1.2.jar
7f75b434c000-7f75b4352000 r-xs 0006d000 08:08 794502                     /usr/local/apache-tomcat-6.0.35/webapps/BdHousingPortal/WEB-INF/lib/javassist-3.4.GA.jar
7f75b4371000-7f75b4373000 r-xs 00008000 08:08 794539                     /usr/local/apache-tomcat-6.0.35/webapps/BdHousingPortal/WEB-INF/lib/hibernate-validator-annotation-processor-4.1.0.Final.jar
7f75b4373000-7f75b437a000 r-xs 00040000 08:08 794548                     /usr/local/apache-tomcat-6.0.35/webapps/BdHousingPortal/WEB-INF/lib/hibernate-validator-4.1.0.Final.jar
7f75b437a000-7f75b437d000 r-xs 0001b000 08:08 794534                     /usr/local/apache-tomcat-6.0.35/webapps/BdHousingPortal/WEB-INF/lib/hibernate-entitymanager-3.4.0.GA.jar
7f75b437d000-7f75b43a0000 r-xs 00211000 08:08 794510                     /usr/local/apache-tomcat-6.0.35/webapps/BdHousingPortal/WEB-INF/lib/hibernate-core-3.3.2.GA.jar
7f75b43a0000-7f75b43c2000 r-xs 0020a000 08:08 794518                     /usr/local/apache-tomcat-6.0.35/webapps/BdHousingPortal/WEB-INF/lib/hibernate-3.2.6.ga.jar
7f75b43c2000-7f75b43c5000 ---p 00000000 00:00 0 
7f75b43c5000-7f75b44c3000 rwxp 00000000 00:00 0 
7f75b44c3000-7f75b44c6000 ---p 00000000 00:00 0 
7f75b44c6000-7f75b45c4000 rwxp 00000000 00:00 0 
7f75b45c4000-7f75b45c7000 ---p 00000000 00:00 0 
7f75b45c7000-7f75b46c5000 rwxp 00000000 00:00 0 
7f75b46c5000-7f75b46c8000 ---p 00000000 00:00 0 
7f75b46c8000-7f75b47c6000 rwxp 00000000 00:00 0 
7f75b47c6000-7f75b47c9000 ---p 00000000 00:00 0 
7f75b47c9000-7f75b48c7000 rwxp 00000000 00:00 0 
7f75b48c7000-7f75b48ca000 ---p 00000000 00:00 0 
7f75b48ca000-7f75b49c8000 rwxp 00000000 00:00 0 
7f75b49c8000-7f75b49cb000 ---p 00000000 00:00 0 
7f75b49cb000-7f75b4ac9000 rwxp 00000000 00:00 0 
7f75b4ac9000-7f75b4adf000 r-xp 00000000 08:01 659541                     /lib/libresolv-2.12.1.so
7f75b4adf000-7f75b4cde000 ---p 00016000 08:01 659541                     /lib/libresolv-2.12.1.so
7f75b4cde000-7f75b4cdf000 r-xp 00015000 08:01 659541                     /lib/libresolv-2.12.1.so
7f75b4cdf000-7f75b4ce0000 rwxp 00016000 08:01 659541                     /lib/libresolv-2.12.1.so
7f75b4ce0000-7f75b4ce2000 rwxp 00000000 00:00 0 
7f75b4ce2000-7f75b4ce7000 r-xp 00000000 08:01 656864                     /lib/libnss_dns-2.12.1.so
7f75b4ce7000-7f75b4ee6000 ---p 00005000 08:01 656864                     /lib/libnss_dns-2.12.1.so
7f75b4ee6000-7f75b4ee7000 r-xp 00004000 08:01 656864                     /lib/libnss_dns-2.12.1.so
7f75b4ee7000-7f75b4ee8000 rwxp 00005000 08:01 656864                     /lib/libnss_dns-2.12.1.so
7f75b4ee8000-7f75b4eea000 r-xp 00000000 08:01 656728                     /lib/libnss_mdns4_minimal.so.2
7f75b4eea000-7f75b50e9000 ---p 00002000 08:01 656728                     /lib/libnss_mdns4_minimal.so.2
7f75b50e9000-7f75b50ea000 r-xp 00001000 08:01 656728                     /lib/libnss_mdns4_minimal.so.2
7f75b50ea000-7f75b50eb000 rwxp 00002000 08:01 656728                     /lib/libnss_mdns4_minimal.so.2
7f75b50ec000-7f75b50ef000 r-xs 0000e000 08:08 794511                     /usr/local/apache-tomcat-6.0.35/webapps/BdHousingPortal/WEB-INF/lib/hibernate-commons-annotations-3.3.0.ga.jar
7f75b50ef000-7f75b50f4000 r-xs 00040000 08:08 794504                     /usr/local/apache-tomcat-6.0.35/webapps/BdHousingPortal/WEB-INF/lib/hibernate-annotations-3.3.1.GA.jar
7f75b50f4000-7f75b50f7000 r-xs 0000a000 08:08 794550                     /usr/local/apache-tomcat-6.0.35/webapps/BdHousingPortal/WEB-INF/lib/ejb3-persistence-1.0.2.GA.jar
7f75b50f7000-7f75b50fb000 r-xs 0002f000 08:08 794508                     /usr/local/apache-tomcat-6.0.35/webapps/BdHousingPortal/WEB-INF/lib/ehcache-1.2.3.jar
7f75b50fb000-7f75b5100000 r-xs 00048000 08:08 794507                     /usr/local/apache-tomcat-6.0.35/webapps/BdHousingPortal/WEB-INF/lib/dom4j-1.6.1.jar
7f75b5100000-7f75b5102000 r-xs 0000c000 08:08 794501                     /usr/local/apache-tomcat-6.0.35/webapps/BdHousingPortal/WEB-INF/lib/commons-logging-1.1.0.jboss.jar
7f75b5102000-7f75b5106000 r-xs 0003c000 08:08 794498                     /usr/local/apache-tomcat-6.0.35/webapps/BdHousingPortal/WEB-INF/lib/commons-lang-2.4.jar
7f75b5106000-7f75b5109000 r-xs 00018000 08:08 794542                     /usr/local/apache-tomcat-6.0.35/webapps/BdHousingPortal/WEB-INF/lib/commons-io-1.4.jar
7f75b5109000-7f75b510b000 r-xs 0000d000 08:08 794538                     /usr/local/apache-tomcat-6.0.35/webapps/BdHousingPortal/WEB-INF/lib/commons-fileupload-1.2.2.jar
7f75b510b000-7f75b510f000 r-xs 00020000 08:08 794522                     /usr/local/apache-tomcat-6.0.35/webapps/BdHousingPortal/WEB-INF/lib/commons-digester-1.8.1.jar
7f75b510f000-7f75b511d000 r-xs 0007f000 08:08 794553                     /usr/local/apache-tomcat-6.0.35/webapps/BdHousingPortal/WEB-INF/lib/commons-collections-3.2.1.jar
7f75b511d000-7f75b5122000 r-xs 00034000 08:08 794552                     /usr/local/apache-tomcat-6.0.35/webapps/BdHousingPortal/WEB-INF/lib/commons-beanutils-1.8.0.jar
7f75b5122000-7f75b5129000 r-xs 0003e000 08:08 794521                     /usr/local/apache-tomcat-6.0.35/webapps/BdHousingPortal/WEB-INF/lib/cglib-2.2.jar
7f75b5129000-7f75b512b000 r-xs 00003000 08:08 794499                     /usr/local/apache-tomcat-6.0.35/webapps/BdHousingPortal/WEB-INF/lib/asm-attrs-1.5.3.jar
7f75b512b000-7f75b512c000 r-xs 0000a000 08:08 794541                     /usr/local/apache-tomcat-6.0.35/webapps/BdHousingPortal/WEB-INF/lib/asm-3.1.jar
7f75b512c000-7f75b512e000 r-xs 00000000 08:08 794515                     /usr/local/apache-tomcat-6.0.35/webapps/BdHousingPortal/WEB-INF/lib/aopalliance-1.0.jar
7f75b512e000-7f75b5134000 r-xs 00067000 08:08 794540                     /usr/local/apache-tomcat-6.0.35/webapps/BdHousingPortal/WEB-INF/lib/antlr-2.7.6.jar
7f75b5134000-7f75b5136000 r-xs 0000e000 08:08 794512                     /usr/local/apache-tomcat-6.0.35/webapps/BdHousingPortal/WEB-INF/lib/activation-1.1.jar
7f75b5136000-7f75b5145000 r-xs 00667000 08:08 1050643                    /usr/local/jdk1.6.0_29/jre/lib/charsets.jar
7f75b5145000-7f75b5154000 r-xs 00667000 08:08 1050643                    /usr/local/jdk1.6.0_29/jre/lib/charsets.jar
7f75b5154000-7f75b5157000 ---p 00000000 00:00 0 
7f75b5157000-7f75b5255000 rwxp 00000000 00:00 0 
7f75b5255000-7f75b5268000 r-xp 00000000 08:08 1050760                    /usr/local/jdk1.6.0_29/jre/lib/amd64/libnet.so
7f75b5268000-7f75b5369000 ---p 00013000 08:08 1050760                    /usr/local/jdk1.6.0_29/jre/lib/amd64/libnet.so
7f75b5369000-7f75b536c000 rwxp 00014000 08:08 1050760                    /usr/local/jdk1.6.0_29/jre/lib/amd64/libnet.so
7f75b536c000-7f75b536f000 r-xs 00027000 08:08 1050841                    /usr/local/jdk1.6.0_29/jre/lib/ext/sunjce_provider.jar
7f75b536f000-7f75b5375000 r-xs 00095000 08:08 1050157                    /usr/local/jdk1.6.0_29/jre/lib/jsse.jar
7f75b5375000-7f75b5379000 r-xs 00035000 08:08 1050839                    /usr/local/jdk1.6.0_29/jre/lib/ext/sunpkcs11.jar
7f75b5379000-7f75b537c000 r-xs 00013000 08:08 1050891                    /usr/local/jdk1.6.0_29/jre/lib/jce.jar
7f75b537c000-7f75b537f000 ---p 00000000 00:00 0 
7f75b537f000-7f75b547d000 rwxp 00000000 00:00 0 
7f75b547d000-7f75b5485000 r-xs 00115000 08:08 1050645                    /usr/local/jdk1.6.0_29/jre/lib/resources.jar
7f75b5485000-7f75b5489000 r-xs 000cb000 08:08 1050842                    /usr/local/jdk1.6.0_29/jre/lib/ext/localedata.jar
7f75b5489000-7f75b548b000 r-xs 0000b000 08:08 794163                     /usr/local/apache-tomcat-6.0.35/lib/tomcat-i18n-fr.jar
7f75b548b000-7f75b548d000 r-xs 00014000 08:08 794159                     /usr/local/apache-tomcat-6.0.35/lib/servlet-api.jar
7f75b548d000-7f75b5491000 r-xs 0003a000 08:08 794161                     /usr/local/apache-tomcat-6.0.35/lib/tomcat-dbcp.jar
7f75b5491000-7f75b5494000 r-xs 0000f000 08:08 794162                     /usr/local/apache-tomcat-6.0.35/lib/tomcat-i18n-es.jar
7f75b5494000-7f75b549b000 r-xs 0007a000 08:08 794157                     /usr/local/apache-tomcat-6.0.35/lib/jasper.jar
7f75b549b000-7f75b549c000 r-xs 00003000 08:08 794149                     /usr/local/apache-tomcat-6.0.35/lib/annotations-api.jar
7f75b549c000-7f75b549f000 r-xs 0001e000 08:08 794151                     /usr/local/apache-tomcat-6.0.35/lib/catalina-ha.jar
7f75b549f000-7f75b54ae000 r-xs 00193000 08:08 794154                     /usr/local/apache-tomcat-6.0.35/lib/ecj-3.7.jar
7f75b54ae000-7f75b54b2000 r-xs 00036000 08:08 794152                     /usr/local/apache-tomcat-6.0.35/lib/catalina-tribes.jar
7f75b54b2000-7f75b54c1000 r-xs 0016d000 08:08 794430                     /usr/local/apache-tomcat-6.0.35/lib/ojdbc14-10.2.0.4.0.jar
7f75b54c1000-7f75b54c7000 r-xp 00000000 08:08 1050771                    /usr/local/jdk1.6.0_29/jre/lib/amd64/libmanagement.so
7f75b54c7000-7f75b55c6000 ---p 00006000 08:08 1050771                    /usr/local/jdk1.6.0_29/jre/lib/amd64/libmanagement.so
7f75b55c6000-7f75b55c8000 rwxp 00005000 08:08 1050771                    /usr/local/jdk1.6.0_29/jre/lib/amd64/libmanagement.so
7f75b55c8000-7f75b55c9000 r-xs 00007000 08:08 794145                     /usr/local/apache-tomcat-6.0.35/bin/tomcat-juli.jar
7f75b55c9000-7f75b55ca000 r-xs 00005000 08:08 794139                     /usr/local/apache-tomcat-6.0.35/bin/commons-daemon.jar
7f75b55ca000-7f75b55cb000 r-xs 00005000 08:08 794135                     /usr/local/apache-tomcat-6.0.35/bin/bootstrap.jar
7f75b55cb000-7f75b55cc000 ---p 00000000 00:00 0 
7f75b55cc000-7f75b56cc000 rwxp 00000000 00:00 0 
7f75b56cc000-7f75b56cf000 ---p 00000000 00:00 0 
7f75b56cf000-7f75b57cd000 rwxp 00000000 00:00 0 
7f75b57cd000-7f75b57d0000 ---p 00000000 00:00 0 
7f75b57d0000-7f75b58ce000 rwxp 00000000 00:00 0 
7f75b58ce000-7f75b58d1000 ---p 00000000 00:00 0 
7f75b58d1000-7f75b59cf000 rwxp 00000000 00:00 0 
7f75b59cf000-7f75b59d2000 ---p 00000000 00:00 0 
7f75b59d2000-7f75b5ad0000 rwxp 00000000 00:00 0 
7f75b5ad0000-7f75b5d74000 r-xp 00000000 08:08 2624998                    /usr/lib/locale/locale-archive
7f75b5d74000-7f75b5d77000 ---p 00000000 00:00 0 
7f75b5d77000-7f75b5e75000 rwxp 00000000 00:00 0 
7f75b5e75000-7f75b5e78000 ---p 00000000 00:00 0 
7f75b5e78000-7f75b5f76000 rwxp 00000000 00:00 0 
7f75b5f76000-7f75b5f77000 ---p 00000000 00:00 0 
7f75b5f77000-7f75b65b0000 rwxp 00000000 00:00 0 
7f75b65b0000-7f75b6748000 r-xs 0302d000 08:08 1050150                    /usr/local/jdk1.6.0_29/jre/lib/rt.jar
7f75b6748000-7f75b6770000 rwxp 00000000 00:00 0 
7f75b6770000-7f75b6771000 ---p 00000000 00:00 0 
7f75b6771000-7f75b6871000 rwxp 00000000 00:00 0 
7f75b6871000-7f75b6872000 ---p 00000000 00:00 0 
7f75b6872000-7f75b6972000 rwxp 00000000 00:00 0 
7f75b6972000-7f75b6973000 ---p 00000000 00:00 0 
7f75b6973000-7f75b6a73000 rwxp 00000000 00:00 0 
7f75b6a73000-7f75b6a74000 ---p 00000000 00:00 0 
7f75b6a74000-7f75b6b9d000 rwxp 00000000 00:00 0 
7f75b6b9d000-7f75b6e31000 rwxp 00000000 00:00 0 
7f75b6e31000-7f75b6e5a000 rwxp 00000000 00:00 0 
7f75b6e5a000-7f75b70ed000 rwxp 00000000 00:00 0 
7f75b70ed000-7f75b70f7000 rwxp 00000000 00:00 0 
7f75b70f7000-7f75b7103000 ---p 00000000 00:00 0 
7f75b7103000-7f75b7237000 rwxp 00000000 00:00 0 
7f75b7237000-7f75b76d8000 rwxp 00000000 00:00 0 
7f75b76d8000-7f75ba238000 rwxp 00000000 00:00 0 
7f75ba238000-7f75ba246000 r-xp 00000000 08:08 1050764                    /usr/local/jdk1.6.0_29/jre/lib/amd64/libzip.so
7f75ba246000-7f75ba348000 ---p 0000e000 08:08 1050764                    /usr/local/jdk1.6.0_29/jre/lib/amd64/libzip.so
7f75ba348000-7f75ba34b000 rwxp 00010000 08:08 1050764                    /usr/local/jdk1.6.0_29/jre/lib/amd64/libzip.so
7f75ba34b000-7f75ba34c000 rwxp 00000000 00:00 0 
7f75ba34c000-7f75ba358000 r-xp 00000000 08:01 659350                     /lib/libnss_files-2.12.1.so
7f75ba358000-7f75ba557000 ---p 0000c000 08:01 659350                     /lib/libnss_files-2.12.1.so
7f75ba557000-7f75ba558000 r-xp 0000b000 08:01 659350                     /lib/libnss_files-2.12.1.so
7f75ba558000-7f75ba559000 rwxp 0000c000 08:01 659350                     /lib/libnss_files-2.12.1.so
7f75ba559000-7f75ba563000 r-xp 00000000 08:01 659533                     /lib/libnss_nis-2.12.1.so
7f75ba563000-7f75ba762000 ---p 0000a000 08:01 659533                     /lib/libnss_nis-2.12.1.so
7f75ba762000-7f75ba763000 r-xp 00009000 08:01 659533                     /lib/libnss_nis-2.12.1.so
7f75ba763000-7f75ba764000 rwxp 0000a000 08:01 659533                     /lib/libnss_nis-2.12.1.so
7f75ba764000-7f75ba76c000 r-xp 00000000 08:01 656863                     /lib/libnss_compat-2.12.1.so
7f75ba76c000-7f75ba96b000 ---p 00008000 08:01 656863                     /lib/libnss_compat-2.12.1.so
7f75ba96b000-7f75ba96c000 r-xp 00007000 08:01 656863                     /lib/libnss_compat-2.12.1.so
7f75ba96c000-7f75ba96d000 rwxp 00008000 08:01 656863                     /lib/libnss_compat-2.12.1.so
7f75ba96d000-7f75ba984000 r-xp 00000000 08:01 656862                     /lib/libnsl-2.12.1.so
7f75ba984000-7f75bab83000 ---p 00017000 08:01 656862                     /lib/libnsl-2.12.1.so
7f75bab83000-7f75bab84000 r-xp 00016000 08:01 656862                     /lib/libnsl-2.12.1.so
7f75bab84000-7f75bab85000 rwxp 00017000 08:01 656862                     /lib/libnsl-2.12.1.so
7f75bab85000-7f75bab87000 rwxp 00000000 00:00 0 
7f75bab87000-7f75babb0000 r-xp 00000000 08:08 1050762                    /usr/local/jdk1.6.0_29/jre/lib/amd64/libjava.so
7f75babb0000-7f75bacaf000 ---p 00029000 08:08 1050762                    /usr/local/jdk1.6.0_29/jre/lib/amd64/libjava.so
7f75bacaf000-7f75bacb6000 rwxp 00028000 08:08 1050762                    /usr/local/jdk1.6.0_29/jre/lib/amd64/libjava.so
7f75bacb6000-7f75bacc3000 r-xp 00000000 08:08 1050767                    /usr/local/jdk1.6.0_29/jre/lib/amd64/libverify.so
7f75bacc3000-7f75badc2000 ---p 0000d000 08:08 1050767                    /usr/local/jdk1.6.0_29/jre/lib/amd64/libverify.so
7f75badc2000-7f75badc5000 rwxp 0000c000 08:08 1050767                    /usr/local/jdk1.6.0_29/jre/lib/amd64/libverify.so
7f75badc5000-7f75badcc000 r-xp 00000000 08:01 659542                     /lib/librt-2.12.1.so
7f75badcc000-7f75bafcb000 ---p 00007000 08:01 659542                     /lib/librt-2.12.1.so
7f75bafcb000-7f75bafcc000 r-xp 00006000 08:01 659542                     /lib/librt-2.12.1.so
7f75bafcc000-7f75bafcd000 rwxp 00007000 08:01 659542                     /lib/librt-2.12.1.so
7f75bafcd000-7f75bafd0000 ---p 00000000 00:00 0 
7f75bafd0000-7f75bb0ce000 rwxp 00000000 00:00 0 
7f75bb0ce000-7f75bb150000 r-xp 00000000 08:01 656860                     /lib/libm-2.12.1.so
7f75bb150000-7f75bb34f000 ---p 00082000 08:01 656860                     /lib/libm-2.12.1.so
7f75bb34f000-7f75bb350000 r-xp 00081000 08:01 656860                     /lib/libm-2.12.1.so
7f75bb350000-7f75bb351000 rwxp 00082000 08:01 656860                     /lib/libm-2.12.1.so
7f75bb351000-7f75bbc6b000 r-xp 00000000 08:08 1050793                    /usr/local/jdk1.6.0_29/jre/lib/amd64/server/libjvm.so
7f75bbc6b000-7f75bbd6d000 ---p 0091a000 08:08 1050793                    /usr/local/jdk1.6.0_29/jre/lib/amd64/server/libjvm.so
7f75bbd6d000-7f75bbf22000 rwxp 0091c000 08:08 1050793                    /usr/local/jdk1.6.0_29/jre/lib/amd64/server/libjvm.so
7f75bbf22000-7f75bbf5c000 rwxp 00000000 00:00 0 
7f75bbf5c000-7f75bc0d6000 r-xp 00000000 08:01 656856                     /lib/libc-2.12.1.so
7f75bc0d6000-7f75bc2d6000 ---p 0017a000 08:01 656856                     /lib/libc-2.12.1.so
7f75bc2d6000-7f75bc2da000 r-xp 0017a000 08:01 656856                     /lib/libc-2.12.1.so
7f75bc2da000-7f75bc2db000 rwxp 0017e000 08:01 656856                     /lib/libc-2.12.1.so
7f75bc2db000-7f75bc2e0000 rwxp 00000000 00:00 0 
7f75bc2e0000-7f75bc2e2000 r-xp 00000000 08:01 656859                     /lib/libdl-2.12.1.so
7f75bc2e2000-7f75bc4e2000 ---p 00002000 08:01 656859                     /lib/libdl-2.12.1.so
7f75bc4e2000-7f75bc4e3000 r-xp 00002000 08:01 656859                     /lib/libdl-2.12.1.so
7f75bc4e3000-7f75bc4e4000 rwxp 00003000 08:01 656859                     /lib/libdl-2.12.1.so
7f75bc4e4000-7f75bc4fc000 r-xp 00000000 08:01 659537                     /lib/libpthread-2.12.1.so
7f75bc4fc000-7f75bc6fb000 ---p 00018000 08:01 659537                     /lib/libpthread-2.12.1.so
7f75bc6fb000-7f75bc6fc000 r-xp 00017000 08:01 659537                     /lib/libpthread-2.12.1.so
7f75bc6fc000-7f75bc6fd000 rwxp 00018000 08:01 659537                     /lib/libpthread-2.12.1.so
7f75bc6fd000-7f75bc701000 rwxp 00000000 00:00 0 
7f75bc701000-7f75bc721000 r-xp 00000000 08:01 654518                     /lib/ld-2.12.1.so
7f75bc722000-7f75bc725000 r-xs 00019000 08:08 794156                     /usr/local/apache-tomcat-6.0.35/lib/jasper-el.jar
7f75bc725000-7f75bc727000 r-xs 0000c000 08:08 794150                     /usr/local/apache-tomcat-6.0.35/lib/catalina-ant.jar
7f75bc727000-7f75bc737000 r-xs 0011d000 08:08 794153                     /usr/local/apache-tomcat-6.0.35/lib/catalina.jar
7f75bc737000-7f75bc739000 r-xs 00011000 08:08 794158                     /usr/local/apache-tomcat-6.0.35/lib/jsp-api.jar
7f75bc739000-7f75bc74c000 rwxp 00000000 00:00 0 
7f75bc74c000-7f75bc7f9000 rwxp 00000000 00:00 0 
7f75bc7f9000-7f75bc7fc000 rwxp 00000000 00:00 0 
7f75bc7fc000-7f75bc803000 r-xp 00000000 08:08 1050774                    /usr/local/jdk1.6.0_29/jre/lib/amd64/jli/libjli.so
7f75bc803000-7f75bc904000 ---p 00007000 08:08 1050774                    /usr/local/jdk1.6.0_29/jre/lib/amd64/jli/libjli.so
7f75bc904000-7f75bc906000 rwxp 00008000 08:08 1050774                    /usr/local/jdk1.6.0_29/jre/lib/amd64/jli/libjli.so
7f75bc906000-7f75bc907000 rwxp 00000000 00:00 0 
7f75bc907000-7f75bc909000 r-xs 0000c000 08:08 794164                     /usr/local/apache-tomcat-6.0.35/lib/tomcat-i18n-ja.jar
7f75bc909000-7f75bc913000 r-xs 000b2000 08:08 794160                     /usr/local/apache-tomcat-6.0.35/lib/tomcat-coyote.jar
7f75bc913000-7f75bc915000 r-xs 00007000 08:08 794155                     /usr/local/apache-tomcat-6.0.35/lib/el-api.jar
7f75bc915000-7f75bc91d000 rwxs 00000000 08:01 263120                     /tmp/hsperfdata_ashraf/14868
7f75bc91d000-7f75bc91e000 rwxp 00000000 00:00 0 
7f75bc91e000-7f75bc91f000 r-xp 00000000 00:00 0 
7f75bc91f000-7f75bc921000 rwxp 00000000 00:00 0 
7f75bc921000-7f75bc922000 r-xp 00020000 08:01 654518                     /lib/ld-2.12.1.so
7f75bc922000-7f75bc923000 rwxp 00021000 08:01 654518                     /lib/ld-2.12.1.so
7f75bc923000-7f75bc924000 rwxp 00000000 00:00 0 
7fff871e7000-7fff87208000 rwxp 00000000 00:00 0                          [stack]
7fff873cd000-7fff873ce000 r-xp 00000000 00:00 0                          [vdso]
ffffffffff600000-ffffffffff601000 r-xp 00000000 00:00 0                  [vsyscall]

VM Arguments:
jvm_args: -Djava.util.logging.config.file=/usr/local/apache-tomcat-6.0.35/conf/logging.properties -Djava.util.logging.manager=org.apache.juli.ClassLoaderLogManager -Djava.endorsed.dirs=/usr/local/apache-tomcat-6.0.35/endorsed -Dcatalina.base=/usr/local/apache-tomcat-6.0.35 -Dcatalina.home=/usr/local/apache-tomcat-6.0.35 -Djava.io.tmpdir=/usr/local/apache-tomcat-6.0.35/temp 
java_command: org.apache.catalina.startup.Bootstrap start
Launcher Type: SUN_STANDARD

Environment Variables:
JAVA_HOME=/usr/local/jdk
PATH=/usr/local/apache-tomcat-6.0.35/bin:/usr/local/ant/bin:/usr/local/jdk/bin:/usr/local/bin:/usr/local/maven/bin:/usr/local/idea/bin:/usr/local/sbin:/usr/local/bin:/usr/sbin:/usr/bin:/sbin:/bin:/usr/games
USERNAME=ashraf
LD_LIBRARY_PATH=/usr/local/jdk1.6.0_29/jre/lib/amd64/server:/usr/local/jdk1.6.0_29/jre/lib/amd64:/usr/local/jdk1.6.0_29/jre/../lib/amd64
SHELL=/bin/bash
DISPLAY=:0.0

Signal Handlers:
SIGSEGV: [libjvm.so+0x85f780], sa_mask[0]=0x7ffbfeff, sa_flags=0x10000004
SIGBUS: [libjvm.so+0x85f780], sa_mask[0]=0x7ffbfeff, sa_flags=0x10000004
SIGFPE: [libjvm.so+0x70e3b0], sa_mask[0]=0x7ffbfeff, sa_flags=0x10000004
SIGPIPE: [libjvm.so+0x70e3b0], sa_mask[0]=0x7ffbfeff, sa_flags=0x10000004
SIGXFSZ: [libjvm.so+0x70e3b0], sa_mask[0]=0x7ffbfeff, sa_flags=0x10000004
SIGILL: [libjvm.so+0x70e3b0], sa_mask[0]=0x7ffbfeff, sa_flags=0x10000004
SIGUSR1: SIG_DFL, sa_mask[0]=0x00000000, sa_flags=0x00000000
SIGUSR2: [libjvm.so+0x7111c0], sa_mask[0]=0x00000000, sa_flags=0x10000004
SIGHUP: [libjvm.so+0x710dc0], sa_mask[0]=0x7ffbfeff, sa_flags=0x10000004
SIGINT: SIG_IGN, sa_mask[0]=0x00000000, sa_flags=0x00000000
SIGTERM: [libjvm.so+0x710dc0], sa_mask[0]=0x7ffbfeff, sa_flags=0x10000004
SIGQUIT: [libjvm.so+0x710dc0], sa_mask[0]=0x7ffbfeff, sa_flags=0x10000004


---------------  S Y S T E M  ---------------

OS:squeeze/sid

uname:Linux 2.6.35-22-generic #35-Ubuntu SMP Sat Oct 16 20:45:36 UTC 2010 x86_64
libc:glibc 2.12.1 NPTL 2.12.1 
rlimit: STACK 8192k, CORE 0k, NPROC infinity, NOFILE 1024, AS infinity
load average:0.49 0.38 0.35

/proc/meminfo:
MemTotal:        8099800 kB
MemFree:         3996620 kB
Buffers:          248732 kB
Cached:          1555088 kB
SwapCached:            0 kB
Active:          2607616 kB
Inactive:        1106356 kB
Active(anon):    1934856 kB
Inactive(anon):    49360 kB
Active(file):     672760 kB
Inactive(file):  1056996 kB
Unevictable:           0 kB
Mlocked:               0 kB
SwapTotal:      15998972 kB
SwapFree:       15998972 kB
Dirty:             34676 kB
Writeback:           512 kB
AnonPages:       1910704 kB
Mapped:           245824 kB
Shmem:             73796 kB
Slab:             151408 kB
SReclaimable:     125304 kB
SUnreclaim:        26104 kB
KernelStack:        3848 kB
PageTables:        25136 kB
NFS_Unstable:          0 kB
Bounce:                0 kB
WritebackTmp:          0 kB
CommitLimit:    20048872 kB
Committed_AS:    4325820 kB
VmallocTotal:   34359738367 kB
VmallocUsed:      397004 kB
VmallocChunk:   34359310500 kB
HardwareCorrupted:     0 kB
HugePages_Total:       0
HugePages_Free:        0
HugePages_Rsvd:        0
HugePages_Surp:        0
Hugepagesize:       2048 kB
DirectMap4k:       12288 kB
DirectMap2M:     8292352 kB


CPU:total 4 (4 cores per cpu, 1 threads per core) family 6 model 42 stepping 7, cmov, cx8, fxsr, mmx, sse, sse2, sse3, ssse3, sse4.1, sse4.2, popcnt

/proc/cpuinfo:
processor	: 0
vendor_id	: GenuineIntel
cpu family	: 6
model		: 42
model name	: Intel(R) Core(TM) i5-2400 CPU @ 3.10GHz
stepping	: 7
cpu MHz		: 1600.000
cache size	: 6144 KB
physical id	: 0
siblings	: 4
core id		: 0
cpu cores	: 4
apicid		: 0
initial apicid	: 0
fpu		: yes
fpu_exception	: yes
cpuid level	: 13
wp		: yes
flags		: fpu vme de pse tsc msr pae mce cx8 apic sep mtrr pge mca cmov pat pse36 clflush dts acpi mmx fxsr sse sse2 ss ht tm pbe syscall nx rdtscp lm constant_tsc arch_perfmon pebs bts rep_good xtopology nonstop_tsc aperfmperf pni pclmulqdq dtes64 monitor ds_cpl vmx smx est tm2 ssse3 cx16 xtpr pdcm sse4_1 sse4_2 x2apic popcnt aes xsave avx lahf_lm ida arat pln pts tpr_shadow vnmi flexpriority ept vpid
bogomips	: 6186.08
clflush size	: 64
cache_alignment	: 64
address sizes	: 36 bits physical, 48 bits virtual
power management:

processor	: 1
vendor_id	: GenuineIntel
cpu family	: 6
model		: 42
model name	: Intel(R) Core(TM) i5-2400 CPU @ 3.10GHz
stepping	: 7
cpu MHz		: 3101.000
cache size	: 6144 KB
physical id	: 0
siblings	: 4
core id		: 1
cpu cores	: 4
apicid		: 2
initial apicid	: 2
fpu		: yes
fpu_exception	: yes
cpuid level	: 13
wp		: yes
flags		: fpu vme de pse tsc msr pae mce cx8 apic sep mtrr pge mca cmov pat pse36 clflush dts acpi mmx fxsr sse sse2 ss ht tm pbe syscall nx rdtscp lm constant_tsc arch_perfmon pebs bts rep_good xtopology nonstop_tsc aperfmperf pni pclmulqdq dtes64 monitor ds_cpl vmx smx est tm2 ssse3 cx16 xtpr pdcm sse4_1 sse4_2 x2apic popcnt aes xsave avx lahf_lm ida arat pln pts tpr_shadow vnmi flexpriority ept vpid
bogomips	: 6185.85
clflush size	: 64
cache_alignment	: 64
address sizes	: 36 bits physical, 48 bits virtual
power management:

processor	: 2
vendor_id	: GenuineIntel
cpu family	: 6
model		: 42
model name	: Intel(R) Core(TM) i5-2400 CPU @ 3.10GHz
stepping	: 7
cpu MHz		: 3101.000
cache size	: 6144 KB
physical id	: 0
siblings	: 4
core id		: 2
cpu cores	: 4
apicid		: 4
initial apicid	: 4
fpu		: yes
fpu_exception	: yes
cpuid level	: 13
wp		: yes
flags		: fpu vme de pse tsc msr pae mce cx8 apic sep mtrr pge mca cmov pat pse36 clflush dts acpi mmx fxsr sse sse2 ss ht tm pbe syscall nx rdtscp lm constant_tsc arch_perfmon pebs bts rep_good xtopology nonstop_tsc aperfmperf pni pclmulqdq dtes64 monitor ds_cpl vmx smx est tm2 ssse3 cx16 xtpr pdcm sse4_1 sse4_2 x2apic popcnt aes xsave avx lahf_lm ida arat pln pts tpr_shadow vnmi flexpriority ept vpid
bogomips	: 6185.84
clflush size	: 64
cache_alignment	: 64
address sizes	: 36 bits physical, 48 bits virtual
power management:

processor	: 3
vendor_id	: GenuineIntel
cpu family	: 6
model		: 42
model name	: Intel(R) Core(TM) i5-2400 CPU @ 3.10GHz
stepping	: 7
cpu MHz		: 3101.000
cache size	: 6144 KB
physical id	: 0
siblings	: 4
core id		: 3
cpu cores	: 4
apicid		: 6
initial apicid	: 6
fpu		: yes
fpu_exception	: yes
cpuid level	: 13
wp		: yes
flags		: fpu vme de pse tsc msr pae mce cx8 apic sep mtrr pge mca cmov pat pse36 clflush dts acpi mmx fxsr sse sse2 ss ht tm pbe syscall nx rdtscp lm constant_tsc arch_perfmon pebs bts rep_good xtopology nonstop_tsc aperfmperf pni pclmulqdq dtes64 monitor ds_cpl vmx smx est tm2 ssse3 cx16 xtpr pdcm sse4_1 sse4_2 x2apic popcnt aes xsave avx lahf_lm ida arat pln pts tpr_shadow vnmi flexpriority ept vpid
bogomips	: 6185.85
clflush size	: 64
cache_alignment	: 64
address sizes	: 36 bits physical, 48 bits virtual
power management:



Memory: 4k page, physical 8099800k(3996620k free), swap 15998972k(15998972k free)

vm_info: Java HotSpot(TM) 64-Bit Server VM (20.4-b02) for linux-amd64 JRE (1.6.0_29-b11), built on Oct  3 2011 01:19:20 by "java_re" with gcc 3.2.2 (SuSE Linux)

time: Wed Jun 13 18:16:13 2012
elapsed time: 1054 seconds

